<?xml version="1.0" encoding="UTF-8"?>
<testng-results ignored="0" total="1" passed="1" failed="0" skipped="0">
  <reporter-output>
  </reporter-output>
  <suite started-at="2019-09-16T08:36:39Z" name="Default suite" finished-at="2019-09-16T08:36:39Z" duration-ms="34">
    <groups>
    </groups>
    <test started-at="2019-09-16T08:36:39Z" name="Default test" finished-at="2019-09-16T08:36:39Z" duration-ms="34">
      <class name="com.jenkins.assignment.GradingSystems">
        <test-method signature="regressionTest()[pri:0, instance:com.jenkins.assignment.GradingSystems@23348b5d]" started-at="2019-09-16T08:36:39Z" name="regressionTest" finished-at="2019-09-16T08:36:39Z" duration-ms="13" status="PASS">
          <reporter-output>
          </reporter-output>
        </test-method> <!-- regressionTest -->
      </class> <!-- com.jenkins.assignment.GradingSystems -->
    </test> <!-- Default test -->
  </suite> <!-- Default suite -->
</testng-results>
